<?xml version="1.0" encoding="UTF-8"?>
<!-- Generated by org.testng.reporters.JUnitXMLReporter -->
<testsuite ignored="0" hostname="manoj" failures="0" tests="3" name="Test-1" time="239.541" errors="0" timestamp="2024-08-05T20:16:21 IST">
  <testcase classname="com.comcast.crm.orgtest.CreateOrganizationTest" name="CreateOrgWithPhonenumberTest" time="68.064"/>
  <testcase classname="com.comcast.crm.orgtest.CreateOrganizationTest" name="createOrgTest" time="28.94"/>
  <testcase classname="com.comcast.crm.orgtest.CreateOrganizationTest" name="createOrgwithIndustrytest" time="30.227"/>
</testsuite> <!-- Test-1 -->
