<?xml version="1.0" encoding="UTF-8"?>
<!-- Generated by org.testng.reporters.JUnitXMLReporter -->
<testsuite ignored="0" hostname="manoj" failures="0" tests="3" name="Test-2" time="299.024" errors="0" timestamp="2024-08-05T20:17:20 IST">
  <testcase classname="com.comcast.crm.contacttest.CreateContactTest" name="CreateContactWithOrgTest" time="101.852"/>
  <testcase classname="com.comcast.crm.contacttest.CreateContactTest" name="createContactTest" time="27.319"/>
  <testcase classname="com.comcast.crm.contacttest.CreateContactTest" name="createContactWithSupportDateTest" time="69.207"/>
</testsuite> <!-- Test-2 -->
