<?xml version="1.0" encoding="UTF-8"?>
<!-- Generated by org.testng.reporters.JUnitReportReporter -->
<testsuite hostname="manoj" failures="0" tests="1" name="com.comcast.crm.contacttest.CreateContactWithSupportDatetest" time="36.723" errors="0" timestamp="2024-08-02T21:27:49 IST" skipped="0">
  <testcase classname="com.comcast.crm.contacttest.CreateContactWithSupportDatetest" name="CreateContactwithSupportDatetest" time="36.723"/>
</testsuite> <!-- com.comcast.crm.contacttest.CreateContactWithSupportDatetest -->
