<?xml version="1.0" encoding="UTF-8"?>
<!-- Generated by org.testng.reporters.JUnitReportReporter -->
<testsuite hostname="manoj" failures="0" tests="1" name="com.comcast.crm.orgtest.CreateOrgWithPhoneNumberTest" time="38.358" errors="0" timestamp="2024-08-02T20:42:43 IST" skipped="0">
  <testcase classname="com.comcast.crm.orgtest.CreateOrgWithPhoneNumberTest" name="CreateOrgWithPhonenumberTest" time="38.358"/>
</testsuite> <!-- com.comcast.crm.orgtest.CreateOrgWithPhoneNumberTest -->
