<?xml version="1.0" encoding="UTF-8"?>
<!-- Generated by org.testng.reporters.JUnitReportReporter -->
<testsuite hostname="manoj" failures="0" tests="1" name="com.comcast.crm.orgtest.CreateOrgwithIndustryTest" time="53.193" errors="0" timestamp="2024-08-05T15:13:56 IST" skipped="0">
  <testcase classname="com.comcast.crm.orgtest.CreateOrgwithIndustryTest" name="createOrgwithIndustrytest" time="53.193"/>
</testsuite> <!-- com.comcast.crm.orgtest.CreateOrgwithIndustryTest -->
