<?xml version="1.0" encoding="UTF-8"?>
<!-- Generated by org.testng.reporters.JUnitReportReporter -->
<testsuite hostname="manoj" failures="0" tests="1" name="com.comcast.crm.contacttest.CreateContactWithOrgTest" time="40.905" errors="0" timestamp="2024-08-02T20:55:27 IST" skipped="0">
  <testcase classname="com.comcast.crm.contacttest.CreateContactWithOrgTest" name="CreateContactwithOrgTest" time="40.905"/>
</testsuite> <!-- com.comcast.crm.contacttest.CreateContactWithOrgTest -->
